29/11/2021 11:25:25 ERROR com.practice.testData.ContactMain.driverLocalConnection(ContactMain.java:29)  com.practice.testData.ContactMain java.lang.ArithmeticException: / by zero
29/11/2021 11:25:25 ERROR com.practice.testData.ContactMain.driverLocalConnection(ContactMain.java:31)  com.practice.testData.ContactMain Driver connection Stablised
29/11/2021 11:25:36 INFO com.practice.testData.ContactMain.webConnection(ContactMain.java:47)  com.practice.testData.ContactMain Contact Page Opened
29/11/2021 11:25:37 INFO com.practice.testData.ContactMain.closeDriverConnection(ContactMain.java:38)  com.practice.testData.ContactMain Driver connection closed
29/11/2021 11:25:37 DEBUG freemarker.log._Log4jLoggerFactory$Log4jLogger.debug(_Log4jLoggerFactory.java:44)  freemarker.cache Couldn't find template in cache for "spark/spark.spa.ftl"("en_IN", UTF-8, parsed); will try to load it.
29/11/2021 11:25:37 DEBUG freemarker.log._Log4jLoggerFactory$Log4jLogger.debug(_Log4jLoggerFactory.java:44)  freemarker.cache TemplateLoader.findTemplateSource("spark/spark.spa_en_IN.ftl"): Not found
29/11/2021 11:25:37 DEBUG freemarker.log._Log4jLoggerFactory$Log4jLogger.debug(_Log4jLoggerFactory.java:44)  freemarker.cache TemplateLoader.findTemplateSource("spark/spark.spa_en.ftl"): Not found
29/11/2021 11:25:37 DEBUG freemarker.log._Log4jLoggerFactory$Log4jLogger.debug(_Log4jLoggerFactory.java:44)  freemarker.cache TemplateLoader.findTemplateSource("spark/spark.spa.ftl"): Found
29/11/2021 11:25:37 DEBUG freemarker.log._Log4jLoggerFactory$Log4jLogger.debug(_Log4jLoggerFactory.java:44)  freemarker.cache Loading template for "spark/spark.spa.ftl"("en_IN", UTF-8, parsed) from "jar:file:/C:/Users/USER/.m2/repository/com/aventstack/extentreports/4.1.4/extentreports-4.1.4.jar!/com/aventstack/extentreports/view/spark/spark.spa.ftl"
29/11/2021 11:25:37 DEBUG freemarker.log._Log4jLoggerFactory$Log4jLogger.debug(_Log4jLoggerFactory.java:44)  freemarker.cache Couldn't find template in cache for "commons/commons-variables.ftl"("en_IN", UTF-8, parsed); will try to load it.
29/11/2021 11:25:37 DEBUG freemarker.log._Log4jLoggerFactory$Log4jLogger.debug(_Log4jLoggerFactory.java:44)  freemarker.cache TemplateLoader.findTemplateSource("commons/commons-variables_en_IN.ftl"): Not found
29/11/2021 11:25:37 DEBUG freemarker.log._Log4jLoggerFactory$Log4jLogger.debug(_Log4jLoggerFactory.java:44)  freemarker.cache TemplateLoader.findTemplateSource("commons/commons-variables_en.ftl"): Not found
29/11/2021 11:25:37 DEBUG freemarker.log._Log4jLoggerFactory$Log4jLogger.debug(_Log4jLoggerFactory.java:44)  freemarker.cache TemplateLoader.findTemplateSource("commons/commons-variables.ftl"): Found
29/11/2021 11:25:37 DEBUG freemarker.log._Log4jLoggerFactory$Log4jLogger.debug(_Log4jLoggerFactory.java:44)  freemarker.cache Loading template for "commons/commons-variables.ftl"("en_IN", UTF-8, parsed) from "jar:file:/C:/Users/USER/.m2/repository/com/aventstack/extentreports/4.1.4/extentreports-4.1.4.jar!/com/aventstack/extentreports/view/commons/commons-variables.ftl"
29/11/2021 11:25:38 DEBUG freemarker.log._Log4jLoggerFactory$Log4jLogger.debug(_Log4jLoggerFactory.java:44)  freemarker.cache Couldn't find template in cache for "commons/commons-macros.ftl"("en_IN", UTF-8, parsed); will try to load it.
29/11/2021 11:25:38 DEBUG freemarker.log._Log4jLoggerFactory$Log4jLogger.debug(_Log4jLoggerFactory.java:44)  freemarker.cache TemplateLoader.findTemplateSource("commons/commons-macros_en_IN.ftl"): Not found
29/11/2021 11:25:38 DEBUG freemarker.log._Log4jLoggerFactory$Log4jLogger.debug(_Log4jLoggerFactory.java:44)  freemarker.cache TemplateLoader.findTemplateSource("commons/commons-macros_en.ftl"): Not found
29/11/2021 11:25:38 DEBUG freemarker.log._Log4jLoggerFactory$Log4jLogger.debug(_Log4jLoggerFactory.java:44)  freemarker.cache TemplateLoader.findTemplateSource("commons/commons-macros.ftl"): Found
29/11/2021 11:25:38 DEBUG freemarker.log._Log4jLoggerFactory$Log4jLogger.debug(_Log4jLoggerFactory.java:44)  freemarker.cache Loading template for "commons/commons-macros.ftl"("en_IN", UTF-8, parsed) from "jar:file:/C:/Users/USER/.m2/repository/com/aventstack/extentreports/4.1.4/extentreports-4.1.4.jar!/com/aventstack/extentreports/view/commons/commons-macros.ftl"
29/11/2021 11:25:38 DEBUG freemarker.log._Log4jLoggerFactory$Log4jLogger.debug(_Log4jLoggerFactory.java:44)  freemarker.cache Couldn't find template in cache for "spark/macros/attributes.ftl"("en_IN", UTF-8, parsed); will try to load it.
29/11/2021 11:25:38 DEBUG freemarker.log._Log4jLoggerFactory$Log4jLogger.debug(_Log4jLoggerFactory.java:44)  freemarker.cache TemplateLoader.findTemplateSource("spark/macros/attributes_en_IN.ftl"): Not found
29/11/2021 11:25:38 DEBUG freemarker.log._Log4jLoggerFactory$Log4jLogger.debug(_Log4jLoggerFactory.java:44)  freemarker.cache TemplateLoader.findTemplateSource("spark/macros/attributes_en.ftl"): Not found
29/11/2021 11:25:38 DEBUG freemarker.log._Log4jLoggerFactory$Log4jLogger.debug(_Log4jLoggerFactory.java:44)  freemarker.cache TemplateLoader.findTemplateSource("spark/macros/attributes.ftl"): Found
29/11/2021 11:25:38 DEBUG freemarker.log._Log4jLoggerFactory$Log4jLogger.debug(_Log4jLoggerFactory.java:44)  freemarker.cache Loading template for "spark/macros/attributes.ftl"("en_IN", UTF-8, parsed) from "jar:file:/C:/Users/USER/.m2/repository/com/aventstack/extentreports/4.1.4/extentreports-4.1.4.jar!/com/aventstack/extentreports/view/spark/macros/attributes.ftl"
29/11/2021 11:25:38 DEBUG freemarker.log._Log4jLoggerFactory$Log4jLogger.debug(_Log4jLoggerFactory.java:44)  freemarker.cache Couldn't find template in cache for "spark/macros/log.ftl"("en_IN", UTF-8, parsed); will try to load it.
29/11/2021 11:25:38 DEBUG freemarker.log._Log4jLoggerFactory$Log4jLogger.debug(_Log4jLoggerFactory.java:44)  freemarker.cache TemplateLoader.findTemplateSource("spark/macros/log_en_IN.ftl"): Not found
29/11/2021 11:25:38 DEBUG freemarker.log._Log4jLoggerFactory$Log4jLogger.debug(_Log4jLoggerFactory.java:44)  freemarker.cache TemplateLoader.findTemplateSource("spark/macros/log_en.ftl"): Not found
29/11/2021 11:25:38 DEBUG freemarker.log._Log4jLoggerFactory$Log4jLogger.debug(_Log4jLoggerFactory.java:44)  freemarker.cache TemplateLoader.findTemplateSource("spark/macros/log.ftl"): Found
29/11/2021 11:25:38 DEBUG freemarker.log._Log4jLoggerFactory$Log4jLogger.debug(_Log4jLoggerFactory.java:44)  freemarker.cache Loading template for "spark/macros/log.ftl"("en_IN", UTF-8, parsed) from "jar:file:/C:/Users/USER/.m2/repository/com/aventstack/extentreports/4.1.4/extentreports-4.1.4.jar!/com/aventstack/extentreports/view/spark/macros/log.ftl"
29/11/2021 11:25:38 DEBUG freemarker.log._Log4jLoggerFactory$Log4jLogger.debug(_Log4jLoggerFactory.java:44)  freemarker.cache Couldn't find template in cache for "spark/macros/recurse_nodes.ftl"("en_IN", UTF-8, parsed); will try to load it.
29/11/2021 11:25:38 DEBUG freemarker.log._Log4jLoggerFactory$Log4jLogger.debug(_Log4jLoggerFactory.java:44)  freemarker.cache TemplateLoader.findTemplateSource("spark/macros/recurse_nodes_en_IN.ftl"): Not found
29/11/2021 11:25:38 DEBUG freemarker.log._Log4jLoggerFactory$Log4jLogger.debug(_Log4jLoggerFactory.java:44)  freemarker.cache TemplateLoader.findTemplateSource("spark/macros/recurse_nodes_en.ftl"): Not found
29/11/2021 11:25:38 DEBUG freemarker.log._Log4jLoggerFactory$Log4jLogger.debug(_Log4jLoggerFactory.java:44)  freemarker.cache TemplateLoader.findTemplateSource("spark/macros/recurse_nodes.ftl"): Found
29/11/2021 11:25:38 DEBUG freemarker.log._Log4jLoggerFactory$Log4jLogger.debug(_Log4jLoggerFactory.java:44)  freemarker.cache Loading template for "spark/macros/recurse_nodes.ftl"("en_IN", UTF-8, parsed) from "jar:file:/C:/Users/USER/.m2/repository/com/aventstack/extentreports/4.1.4/extentreports-4.1.4.jar!/com/aventstack/extentreports/view/spark/macros/recurse_nodes.ftl"
29/11/2021 11:25:38 DEBUG freemarker.log._Log4jLoggerFactory$Log4jLogger.debug(_Log4jLoggerFactory.java:44)  freemarker.cache "spark/macros/log.ftl"("en_IN", UTF-8, parsed) cached copy not yet stale; using cached.
29/11/2021 11:25:38 DEBUG freemarker.log._Log4jLoggerFactory$Log4jLogger.debug(_Log4jLoggerFactory.java:44)  freemarker.cache Couldn't find template in cache for "spark/partials/head.ftl"("en_IN", UTF-8, parsed); will try to load it.
29/11/2021 11:25:38 DEBUG freemarker.log._Log4jLoggerFactory$Log4jLogger.debug(_Log4jLoggerFactory.java:44)  freemarker.cache TemplateLoader.findTemplateSource("spark/partials/head_en_IN.ftl"): Not found
29/11/2021 11:25:38 DEBUG freemarker.log._Log4jLoggerFactory$Log4jLogger.debug(_Log4jLoggerFactory.java:44)  freemarker.cache TemplateLoader.findTemplateSource("spark/partials/head_en.ftl"): Not found
29/11/2021 11:25:38 DEBUG freemarker.log._Log4jLoggerFactory$Log4jLogger.debug(_Log4jLoggerFactory.java:44)  freemarker.cache TemplateLoader.findTemplateSource("spark/partials/head.ftl"): Found
29/11/2021 11:25:38 DEBUG freemarker.log._Log4jLoggerFactory$Log4jLogger.debug(_Log4jLoggerFactory.java:44)  freemarker.cache Loading template for "spark/partials/head.ftl"("en_IN", UTF-8, parsed) from "jar:file:/C:/Users/USER/.m2/repository/com/aventstack/extentreports/4.1.4/extentreports-4.1.4.jar!/com/aventstack/extentreports/view/spark/partials/head.ftl"
29/11/2021 11:25:38 DEBUG freemarker.log._Log4jLoggerFactory$Log4jLogger.debug(_Log4jLoggerFactory.java:44)  freemarker.cache Couldn't find template in cache for "commons/commons-inject-css.ftl"("en_IN", UTF-8, parsed); will try to load it.
29/11/2021 11:25:38 DEBUG freemarker.log._Log4jLoggerFactory$Log4jLogger.debug(_Log4jLoggerFactory.java:44)  freemarker.cache TemplateLoader.findTemplateSource("commons/commons-inject-css_en_IN.ftl"): Not found
29/11/2021 11:25:38 DEBUG freemarker.log._Log4jLoggerFactory$Log4jLogger.debug(_Log4jLoggerFactory.java:44)  freemarker.cache TemplateLoader.findTemplateSource("commons/commons-inject-css_en.ftl"): Not found
29/11/2021 11:25:38 DEBUG freemarker.log._Log4jLoggerFactory$Log4jLogger.debug(_Log4jLoggerFactory.java:44)  freemarker.cache TemplateLoader.findTemplateSource("commons/commons-inject-css.ftl"): Found
29/11/2021 11:25:38 DEBUG freemarker.log._Log4jLoggerFactory$Log4jLogger.debug(_Log4jLoggerFactory.java:44)  freemarker.cache Loading template for "commons/commons-inject-css.ftl"("en_IN", UTF-8, parsed) from "jar:file:/C:/Users/USER/.m2/repository/com/aventstack/extentreports/4.1.4/extentreports-4.1.4.jar!/com/aventstack/extentreports/view/commons/commons-inject-css.ftl"
29/11/2021 11:25:38 DEBUG freemarker.log._Log4jLoggerFactory$Log4jLogger.debug(_Log4jLoggerFactory.java:44)  freemarker.cache Couldn't find template in cache for "spark/partials/navbar.ftl"("en_IN", UTF-8, parsed); will try to load it.
29/11/2021 11:25:38 DEBUG freemarker.log._Log4jLoggerFactory$Log4jLogger.debug(_Log4jLoggerFactory.java:44)  freemarker.cache TemplateLoader.findTemplateSource("spark/partials/navbar_en_IN.ftl"): Not found
29/11/2021 11:25:38 DEBUG freemarker.log._Log4jLoggerFactory$Log4jLogger.debug(_Log4jLoggerFactory.java:44)  freemarker.cache TemplateLoader.findTemplateSource("spark/partials/navbar_en.ftl"): Not found
29/11/2021 11:25:38 DEBUG freemarker.log._Log4jLoggerFactory$Log4jLogger.debug(_Log4jLoggerFactory.java:44)  freemarker.cache TemplateLoader.findTemplateSource("spark/partials/navbar.ftl"): Found
29/11/2021 11:25:38 DEBUG freemarker.log._Log4jLoggerFactory$Log4jLogger.debug(_Log4jLoggerFactory.java:44)  freemarker.cache Loading template for "spark/partials/navbar.ftl"("en_IN", UTF-8, parsed) from "jar:file:/C:/Users/USER/.m2/repository/com/aventstack/extentreports/4.1.4/extentreports-4.1.4.jar!/com/aventstack/extentreports/view/spark/partials/navbar.ftl"
29/11/2021 11:25:38 DEBUG freemarker.log._Log4jLoggerFactory$Log4jLogger.debug(_Log4jLoggerFactory.java:44)  freemarker.cache Couldn't find template in cache for "spark/partials/sidenav.ftl"("en_IN", UTF-8, parsed); will try to load it.
29/11/2021 11:25:38 DEBUG freemarker.log._Log4jLoggerFactory$Log4jLogger.debug(_Log4jLoggerFactory.java:44)  freemarker.cache TemplateLoader.findTemplateSource("spark/partials/sidenav_en_IN.ftl"): Not found
29/11/2021 11:25:38 DEBUG freemarker.log._Log4jLoggerFactory$Log4jLogger.debug(_Log4jLoggerFactory.java:44)  freemarker.cache TemplateLoader.findTemplateSource("spark/partials/sidenav_en.ftl"): Not found
29/11/2021 11:25:38 DEBUG freemarker.log._Log4jLoggerFactory$Log4jLogger.debug(_Log4jLoggerFactory.java:44)  freemarker.cache TemplateLoader.findTemplateSource("spark/partials/sidenav.ftl"): Found
29/11/2021 11:25:38 DEBUG freemarker.log._Log4jLoggerFactory$Log4jLogger.debug(_Log4jLoggerFactory.java:44)  freemarker.cache Loading template for "spark/partials/sidenav.ftl"("en_IN", UTF-8, parsed) from "jar:file:/C:/Users/USER/.m2/repository/com/aventstack/extentreports/4.1.4/extentreports-4.1.4.jar!/com/aventstack/extentreports/view/spark/partials/sidenav.ftl"
29/11/2021 11:25:38 DEBUG freemarker.log._Log4jLoggerFactory$Log4jLogger.debug(_Log4jLoggerFactory.java:44)  freemarker.cache Couldn't find template in cache for "spark/partials/test.ftl"("en_IN", UTF-8, parsed); will try to load it.
29/11/2021 11:25:38 DEBUG freemarker.log._Log4jLoggerFactory$Log4jLogger.debug(_Log4jLoggerFactory.java:44)  freemarker.cache TemplateLoader.findTemplateSource("spark/partials/test_en_IN.ftl"): Not found
29/11/2021 11:25:38 DEBUG freemarker.log._Log4jLoggerFactory$Log4jLogger.debug(_Log4jLoggerFactory.java:44)  freemarker.cache TemplateLoader.findTemplateSource("spark/partials/test_en.ftl"): Not found
29/11/2021 11:25:38 DEBUG freemarker.log._Log4jLoggerFactory$Log4jLogger.debug(_Log4jLoggerFactory.java:44)  freemarker.cache TemplateLoader.findTemplateSource("spark/partials/test.ftl"): Found
29/11/2021 11:25:38 DEBUG freemarker.log._Log4jLoggerFactory$Log4jLogger.debug(_Log4jLoggerFactory.java:44)  freemarker.cache Loading template for "spark/partials/test.ftl"("en_IN", UTF-8, parsed) from "jar:file:/C:/Users/USER/.m2/repository/com/aventstack/extentreports/4.1.4/extentreports-4.1.4.jar!/com/aventstack/extentreports/view/spark/partials/test.ftl"
29/11/2021 11:25:38 DEBUG freemarker.log._Log4jLoggerFactory$Log4jLogger.debug(_Log4jLoggerFactory.java:44)  freemarker.cache Couldn't find template in cache for "spark/partials/standard-content.ftl"("en_IN", UTF-8, parsed); will try to load it.
29/11/2021 11:25:38 DEBUG freemarker.log._Log4jLoggerFactory$Log4jLogger.debug(_Log4jLoggerFactory.java:44)  freemarker.cache TemplateLoader.findTemplateSource("spark/partials/standard-content_en_IN.ftl"): Not found
29/11/2021 11:25:38 DEBUG freemarker.log._Log4jLoggerFactory$Log4jLogger.debug(_Log4jLoggerFactory.java:44)  freemarker.cache TemplateLoader.findTemplateSource("spark/partials/standard-content_en.ftl"): Not found
29/11/2021 11:25:38 DEBUG freemarker.log._Log4jLoggerFactory$Log4jLogger.debug(_Log4jLoggerFactory.java:44)  freemarker.cache TemplateLoader.findTemplateSource("spark/partials/standard-content.ftl"): Found
29/11/2021 11:25:38 DEBUG freemarker.log._Log4jLoggerFactory$Log4jLogger.debug(_Log4jLoggerFactory.java:44)  freemarker.cache Loading template for "spark/partials/standard-content.ftl"("en_IN", UTF-8, parsed) from "jar:file:/C:/Users/USER/.m2/repository/com/aventstack/extentreports/4.1.4/extentreports-4.1.4.jar!/com/aventstack/extentreports/view/spark/partials/standard-content.ftl"
29/11/2021 11:25:38 DEBUG freemarker.log._Log4jLoggerFactory$Log4jLogger.debug(_Log4jLoggerFactory.java:44)  freemarker.cache "spark/partials/standard-content.ftl"("en_IN", UTF-8, parsed) cached copy not yet stale; using cached.
29/11/2021 11:25:38 DEBUG freemarker.log._Log4jLoggerFactory$Log4jLogger.debug(_Log4jLoggerFactory.java:44)  freemarker.cache Couldn't find template in cache for "spark/partials/dashboard.ftl"("en_IN", UTF-8, parsed); will try to load it.
29/11/2021 11:25:38 DEBUG freemarker.log._Log4jLoggerFactory$Log4jLogger.debug(_Log4jLoggerFactory.java:44)  freemarker.cache TemplateLoader.findTemplateSource("spark/partials/dashboard_en_IN.ftl"): Not found
29/11/2021 11:25:38 DEBUG freemarker.log._Log4jLoggerFactory$Log4jLogger.debug(_Log4jLoggerFactory.java:44)  freemarker.cache TemplateLoader.findTemplateSource("spark/partials/dashboard_en.ftl"): Not found
29/11/2021 11:25:38 DEBUG freemarker.log._Log4jLoggerFactory$Log4jLogger.debug(_Log4jLoggerFactory.java:44)  freemarker.cache TemplateLoader.findTemplateSource("spark/partials/dashboard.ftl"): Found
29/11/2021 11:25:38 DEBUG freemarker.log._Log4jLoggerFactory$Log4jLogger.debug(_Log4jLoggerFactory.java:44)  freemarker.cache Loading template for "spark/partials/dashboard.ftl"("en_IN", UTF-8, parsed) from "jar:file:/C:/Users/USER/.m2/repository/com/aventstack/extentreports/4.1.4/extentreports-4.1.4.jar!/com/aventstack/extentreports/view/spark/partials/dashboard.ftl"
29/11/2021 11:25:38 DEBUG freemarker.log._Log4jLoggerFactory$Log4jLogger.debug(_Log4jLoggerFactory.java:44)  freemarker.cache Couldn't find template in cache for "spark/partials/scripts.ftl"("en_IN", UTF-8, parsed); will try to load it.
29/11/2021 11:25:38 DEBUG freemarker.log._Log4jLoggerFactory$Log4jLogger.debug(_Log4jLoggerFactory.java:44)  freemarker.cache TemplateLoader.findTemplateSource("spark/partials/scripts_en_IN.ftl"): Not found
29/11/2021 11:25:38 DEBUG freemarker.log._Log4jLoggerFactory$Log4jLogger.debug(_Log4jLoggerFactory.java:44)  freemarker.cache TemplateLoader.findTemplateSource("spark/partials/scripts_en.ftl"): Not found
29/11/2021 11:25:38 DEBUG freemarker.log._Log4jLoggerFactory$Log4jLogger.debug(_Log4jLoggerFactory.java:44)  freemarker.cache TemplateLoader.findTemplateSource("spark/partials/scripts.ftl"): Found
29/11/2021 11:25:38 DEBUG freemarker.log._Log4jLoggerFactory$Log4jLogger.debug(_Log4jLoggerFactory.java:44)  freemarker.cache Loading template for "spark/partials/scripts.ftl"("en_IN", UTF-8, parsed) from "jar:file:/C:/Users/USER/.m2/repository/com/aventstack/extentreports/4.1.4/extentreports-4.1.4.jar!/com/aventstack/extentreports/view/spark/partials/scripts.ftl"
29/11/2021 11:25:38 DEBUG freemarker.log._Log4jLoggerFactory$Log4jLogger.debug(_Log4jLoggerFactory.java:44)  freemarker.cache Couldn't find template in cache for "commons/commons-inject-js.ftl"("en_IN", UTF-8, parsed); will try to load it.
29/11/2021 11:25:38 DEBUG freemarker.log._Log4jLoggerFactory$Log4jLogger.debug(_Log4jLoggerFactory.java:44)  freemarker.cache TemplateLoader.findTemplateSource("commons/commons-inject-js_en_IN.ftl"): Not found
29/11/2021 11:25:38 DEBUG freemarker.log._Log4jLoggerFactory$Log4jLogger.debug(_Log4jLoggerFactory.java:44)  freemarker.cache TemplateLoader.findTemplateSource("commons/commons-inject-js_en.ftl"): Not found
29/11/2021 11:25:38 DEBUG freemarker.log._Log4jLoggerFactory$Log4jLogger.debug(_Log4jLoggerFactory.java:44)  freemarker.cache TemplateLoader.findTemplateSource("commons/commons-inject-js.ftl"): Found
29/11/2021 11:25:38 DEBUG freemarker.log._Log4jLoggerFactory$Log4jLogger.debug(_Log4jLoggerFactory.java:44)  freemarker.cache Loading template for "commons/commons-inject-js.ftl"("en_IN", UTF-8, parsed) from "jar:file:/C:/Users/USER/.m2/repository/com/aventstack/extentreports/4.1.4/extentreports-4.1.4.jar!/com/aventstack/extentreports/view/commons/commons-inject-js.ftl"
15/12/2021 15:57:07 ERROR com.practice.testData.ContactMain.driverLocalConnection(ContactMain.java:29)  com.practice.testData.ContactMain java.lang.ArithmeticException: / by zero
15/12/2021 15:57:07 ERROR com.practice.testData.ContactMain.driverLocalConnection(ContactMain.java:31)  com.practice.testData.ContactMain Driver connection Stablised
15/12/2021 15:57:17 INFO com.practice.testData.ContactMain.webConnection(ContactMain.java:47)  com.practice.testData.ContactMain Contact Page Opened
15/12/2021 15:57:18 INFO com.practice.testData.ContactMain.closeDriverConnection(ContactMain.java:38)  com.practice.testData.ContactMain Driver connection closed
15/12/2021 15:57:18 DEBUG freemarker.log._Log4jLoggerFactory$Log4jLogger.debug(_Log4jLoggerFactory.java:44)  freemarker.cache Couldn't find template in cache for "spark/spark.spa.ftl"("en_IN", UTF-8, parsed); will try to load it.
15/12/2021 15:57:18 DEBUG freemarker.log._Log4jLoggerFactory$Log4jLogger.debug(_Log4jLoggerFactory.java:44)  freemarker.cache TemplateLoader.findTemplateSource("spark/spark.spa_en_IN.ftl"): Not found
15/12/2021 15:57:18 DEBUG freemarker.log._Log4jLoggerFactory$Log4jLogger.debug(_Log4jLoggerFactory.java:44)  freemarker.cache TemplateLoader.findTemplateSource("spark/spark.spa_en.ftl"): Not found
15/12/2021 15:57:18 DEBUG freemarker.log._Log4jLoggerFactory$Log4jLogger.debug(_Log4jLoggerFactory.java:44)  freemarker.cache TemplateLoader.findTemplateSource("spark/spark.spa.ftl"): Found
15/12/2021 15:57:18 DEBUG freemarker.log._Log4jLoggerFactory$Log4jLogger.debug(_Log4jLoggerFactory.java:44)  freemarker.cache Loading template for "spark/spark.spa.ftl"("en_IN", UTF-8, parsed) from "jar:file:/C:/Users/USER/.m2/repository/com/aventstack/extentreports/4.1.4/extentreports-4.1.4.jar!/com/aventstack/extentreports/view/spark/spark.spa.ftl"
15/12/2021 15:57:18 DEBUG freemarker.log._Log4jLoggerFactory$Log4jLogger.debug(_Log4jLoggerFactory.java:44)  freemarker.cache Couldn't find template in cache for "commons/commons-variables.ftl"("en_IN", UTF-8, parsed); will try to load it.
15/12/2021 15:57:18 DEBUG freemarker.log._Log4jLoggerFactory$Log4jLogger.debug(_Log4jLoggerFactory.java:44)  freemarker.cache TemplateLoader.findTemplateSource("commons/commons-variables_en_IN.ftl"): Not found
15/12/2021 15:57:18 DEBUG freemarker.log._Log4jLoggerFactory$Log4jLogger.debug(_Log4jLoggerFactory.java:44)  freemarker.cache TemplateLoader.findTemplateSource("commons/commons-variables_en.ftl"): Not found
15/12/2021 15:57:18 DEBUG freemarker.log._Log4jLoggerFactory$Log4jLogger.debug(_Log4jLoggerFactory.java:44)  freemarker.cache TemplateLoader.findTemplateSource("commons/commons-variables.ftl"): Found
15/12/2021 15:57:18 DEBUG freemarker.log._Log4jLoggerFactory$Log4jLogger.debug(_Log4jLoggerFactory.java:44)  freemarker.cache Loading template for "commons/commons-variables.ftl"("en_IN", UTF-8, parsed) from "jar:file:/C:/Users/USER/.m2/repository/com/aventstack/extentreports/4.1.4/extentreports-4.1.4.jar!/com/aventstack/extentreports/view/commons/commons-variables.ftl"
15/12/2021 15:57:18 DEBUG freemarker.log._Log4jLoggerFactory$Log4jLogger.debug(_Log4jLoggerFactory.java:44)  freemarker.cache Couldn't find template in cache for "commons/commons-macros.ftl"("en_IN", UTF-8, parsed); will try to load it.
15/12/2021 15:57:18 DEBUG freemarker.log._Log4jLoggerFactory$Log4jLogger.debug(_Log4jLoggerFactory.java:44)  freemarker.cache TemplateLoader.findTemplateSource("commons/commons-macros_en_IN.ftl"): Not found
15/12/2021 15:57:18 DEBUG freemarker.log._Log4jLoggerFactory$Log4jLogger.debug(_Log4jLoggerFactory.java:44)  freemarker.cache TemplateLoader.findTemplateSource("commons/commons-macros_en.ftl"): Not found
15/12/2021 15:57:18 DEBUG freemarker.log._Log4jLoggerFactory$Log4jLogger.debug(_Log4jLoggerFactory.java:44)  freemarker.cache TemplateLoader.findTemplateSource("commons/commons-macros.ftl"): Found
15/12/2021 15:57:18 DEBUG freemarker.log._Log4jLoggerFactory$Log4jLogger.debug(_Log4jLoggerFactory.java:44)  freemarker.cache Loading template for "commons/commons-macros.ftl"("en_IN", UTF-8, parsed) from "jar:file:/C:/Users/USER/.m2/repository/com/aventstack/extentreports/4.1.4/extentreports-4.1.4.jar!/com/aventstack/extentreports/view/commons/commons-macros.ftl"
15/12/2021 15:57:18 DEBUG freemarker.log._Log4jLoggerFactory$Log4jLogger.debug(_Log4jLoggerFactory.java:44)  freemarker.cache Couldn't find template in cache for "spark/macros/attributes.ftl"("en_IN", UTF-8, parsed); will try to load it.
15/12/2021 15:57:18 DEBUG freemarker.log._Log4jLoggerFactory$Log4jLogger.debug(_Log4jLoggerFactory.java:44)  freemarker.cache TemplateLoader.findTemplateSource("spark/macros/attributes_en_IN.ftl"): Not found
15/12/2021 15:57:18 DEBUG freemarker.log._Log4jLoggerFactory$Log4jLogger.debug(_Log4jLoggerFactory.java:44)  freemarker.cache TemplateLoader.findTemplateSource("spark/macros/attributes_en.ftl"): Not found
15/12/2021 15:57:18 DEBUG freemarker.log._Log4jLoggerFactory$Log4jLogger.debug(_Log4jLoggerFactory.java:44)  freemarker.cache TemplateLoader.findTemplateSource("spark/macros/attributes.ftl"): Found
15/12/2021 15:57:18 DEBUG freemarker.log._Log4jLoggerFactory$Log4jLogger.debug(_Log4jLoggerFactory.java:44)  freemarker.cache Loading template for "spark/macros/attributes.ftl"("en_IN", UTF-8, parsed) from "jar:file:/C:/Users/USER/.m2/repository/com/aventstack/extentreports/4.1.4/extentreports-4.1.4.jar!/com/aventstack/extentreports/view/spark/macros/attributes.ftl"
15/12/2021 15:57:18 DEBUG freemarker.log._Log4jLoggerFactory$Log4jLogger.debug(_Log4jLoggerFactory.java:44)  freemarker.cache Couldn't find template in cache for "spark/macros/log.ftl"("en_IN", UTF-8, parsed); will try to load it.
15/12/2021 15:57:18 DEBUG freemarker.log._Log4jLoggerFactory$Log4jLogger.debug(_Log4jLoggerFactory.java:44)  freemarker.cache TemplateLoader.findTemplateSource("spark/macros/log_en_IN.ftl"): Not found
15/12/2021 15:57:18 DEBUG freemarker.log._Log4jLoggerFactory$Log4jLogger.debug(_Log4jLoggerFactory.java:44)  freemarker.cache TemplateLoader.findTemplateSource("spark/macros/log_en.ftl"): Not found
15/12/2021 15:57:18 DEBUG freemarker.log._Log4jLoggerFactory$Log4jLogger.debug(_Log4jLoggerFactory.java:44)  freemarker.cache TemplateLoader.findTemplateSource("spark/macros/log.ftl"): Found
15/12/2021 15:57:18 DEBUG freemarker.log._Log4jLoggerFactory$Log4jLogger.debug(_Log4jLoggerFactory.java:44)  freemarker.cache Loading template for "spark/macros/log.ftl"("en_IN", UTF-8, parsed) from "jar:file:/C:/Users/USER/.m2/repository/com/aventstack/extentreports/4.1.4/extentreports-4.1.4.jar!/com/aventstack/extentreports/view/spark/macros/log.ftl"
15/12/2021 15:57:18 DEBUG freemarker.log._Log4jLoggerFactory$Log4jLogger.debug(_Log4jLoggerFactory.java:44)  freemarker.cache Couldn't find template in cache for "spark/macros/recurse_nodes.ftl"("en_IN", UTF-8, parsed); will try to load it.
15/12/2021 15:57:18 DEBUG freemarker.log._Log4jLoggerFactory$Log4jLogger.debug(_Log4jLoggerFactory.java:44)  freemarker.cache TemplateLoader.findTemplateSource("spark/macros/recurse_nodes_en_IN.ftl"): Not found
15/12/2021 15:57:18 DEBUG freemarker.log._Log4jLoggerFactory$Log4jLogger.debug(_Log4jLoggerFactory.java:44)  freemarker.cache TemplateLoader.findTemplateSource("spark/macros/recurse_nodes_en.ftl"): Not found
15/12/2021 15:57:18 DEBUG freemarker.log._Log4jLoggerFactory$Log4jLogger.debug(_Log4jLoggerFactory.java:44)  freemarker.cache TemplateLoader.findTemplateSource("spark/macros/recurse_nodes.ftl"): Found
15/12/2021 15:57:18 DEBUG freemarker.log._Log4jLoggerFactory$Log4jLogger.debug(_Log4jLoggerFactory.java:44)  freemarker.cache Loading template for "spark/macros/recurse_nodes.ftl"("en_IN", UTF-8, parsed) from "jar:file:/C:/Users/USER/.m2/repository/com/aventstack/extentreports/4.1.4/extentreports-4.1.4.jar!/com/aventstack/extentreports/view/spark/macros/recurse_nodes.ftl"
15/12/2021 15:57:18 DEBUG freemarker.log._Log4jLoggerFactory$Log4jLogger.debug(_Log4jLoggerFactory.java:44)  freemarker.cache "spark/macros/log.ftl"("en_IN", UTF-8, parsed) cached copy not yet stale; using cached.
15/12/2021 15:57:18 DEBUG freemarker.log._Log4jLoggerFactory$Log4jLogger.debug(_Log4jLoggerFactory.java:44)  freemarker.cache Couldn't find template in cache for "spark/partials/head.ftl"("en_IN", UTF-8, parsed); will try to load it.
15/12/2021 15:57:18 DEBUG freemarker.log._Log4jLoggerFactory$Log4jLogger.debug(_Log4jLoggerFactory.java:44)  freemarker.cache TemplateLoader.findTemplateSource("spark/partials/head_en_IN.ftl"): Not found
15/12/2021 15:57:18 DEBUG freemarker.log._Log4jLoggerFactory$Log4jLogger.debug(_Log4jLoggerFactory.java:44)  freemarker.cache TemplateLoader.findTemplateSource("spark/partials/head_en.ftl"): Not found
15/12/2021 15:57:18 DEBUG freemarker.log._Log4jLoggerFactory$Log4jLogger.debug(_Log4jLoggerFactory.java:44)  freemarker.cache TemplateLoader.findTemplateSource("spark/partials/head.ftl"): Found
15/12/2021 15:57:18 DEBUG freemarker.log._Log4jLoggerFactory$Log4jLogger.debug(_Log4jLoggerFactory.java:44)  freemarker.cache Loading template for "spark/partials/head.ftl"("en_IN", UTF-8, parsed) from "jar:file:/C:/Users/USER/.m2/repository/com/aventstack/extentreports/4.1.4/extentreports-4.1.4.jar!/com/aventstack/extentreports/view/spark/partials/head.ftl"
15/12/2021 15:57:18 DEBUG freemarker.log._Log4jLoggerFactory$Log4jLogger.debug(_Log4jLoggerFactory.java:44)  freemarker.cache Couldn't find template in cache for "commons/commons-inject-css.ftl"("en_IN", UTF-8, parsed); will try to load it.
15/12/2021 15:57:18 DEBUG freemarker.log._Log4jLoggerFactory$Log4jLogger.debug(_Log4jLoggerFactory.java:44)  freemarker.cache TemplateLoader.findTemplateSource("commons/commons-inject-css_en_IN.ftl"): Not found
15/12/2021 15:57:18 DEBUG freemarker.log._Log4jLoggerFactory$Log4jLogger.debug(_Log4jLoggerFactory.java:44)  freemarker.cache TemplateLoader.findTemplateSource("commons/commons-inject-css_en.ftl"): Not found
15/12/2021 15:57:18 DEBUG freemarker.log._Log4jLoggerFactory$Log4jLogger.debug(_Log4jLoggerFactory.java:44)  freemarker.cache TemplateLoader.findTemplateSource("commons/commons-inject-css.ftl"): Found
15/12/2021 15:57:18 DEBUG freemarker.log._Log4jLoggerFactory$Log4jLogger.debug(_Log4jLoggerFactory.java:44)  freemarker.cache Loading template for "commons/commons-inject-css.ftl"("en_IN", UTF-8, parsed) from "jar:file:/C:/Users/USER/.m2/repository/com/aventstack/extentreports/4.1.4/extentreports-4.1.4.jar!/com/aventstack/extentreports/view/commons/commons-inject-css.ftl"
15/12/2021 15:57:18 DEBUG freemarker.log._Log4jLoggerFactory$Log4jLogger.debug(_Log4jLoggerFactory.java:44)  freemarker.cache Couldn't find template in cache for "spark/partials/navbar.ftl"("en_IN", UTF-8, parsed); will try to load it.
15/12/2021 15:57:18 DEBUG freemarker.log._Log4jLoggerFactory$Log4jLogger.debug(_Log4jLoggerFactory.java:44)  freemarker.cache TemplateLoader.findTemplateSource("spark/partials/navbar_en_IN.ftl"): Not found
15/12/2021 15:57:18 DEBUG freemarker.log._Log4jLoggerFactory$Log4jLogger.debug(_Log4jLoggerFactory.java:44)  freemarker.cache TemplateLoader.findTemplateSource("spark/partials/navbar_en.ftl"): Not found
15/12/2021 15:57:18 DEBUG freemarker.log._Log4jLoggerFactory$Log4jLogger.debug(_Log4jLoggerFactory.java:44)  freemarker.cache TemplateLoader.findTemplateSource("spark/partials/navbar.ftl"): Found
15/12/2021 15:57:18 DEBUG freemarker.log._Log4jLoggerFactory$Log4jLogger.debug(_Log4jLoggerFactory.java:44)  freemarker.cache Loading template for "spark/partials/navbar.ftl"("en_IN", UTF-8, parsed) from "jar:file:/C:/Users/USER/.m2/repository/com/aventstack/extentreports/4.1.4/extentreports-4.1.4.jar!/com/aventstack/extentreports/view/spark/partials/navbar.ftl"
15/12/2021 15:57:18 DEBUG freemarker.log._Log4jLoggerFactory$Log4jLogger.debug(_Log4jLoggerFactory.java:44)  freemarker.cache Couldn't find template in cache for "spark/partials/sidenav.ftl"("en_IN", UTF-8, parsed); will try to load it.
15/12/2021 15:57:18 DEBUG freemarker.log._Log4jLoggerFactory$Log4jLogger.debug(_Log4jLoggerFactory.java:44)  freemarker.cache TemplateLoader.findTemplateSource("spark/partials/sidenav_en_IN.ftl"): Not found
15/12/2021 15:57:18 DEBUG freemarker.log._Log4jLoggerFactory$Log4jLogger.debug(_Log4jLoggerFactory.java:44)  freemarker.cache TemplateLoader.findTemplateSource("spark/partials/sidenav_en.ftl"): Not found
15/12/2021 15:57:18 DEBUG freemarker.log._Log4jLoggerFactory$Log4jLogger.debug(_Log4jLoggerFactory.java:44)  freemarker.cache TemplateLoader.findTemplateSource("spark/partials/sidenav.ftl"): Found
15/12/2021 15:57:18 DEBUG freemarker.log._Log4jLoggerFactory$Log4jLogger.debug(_Log4jLoggerFactory.java:44)  freemarker.cache Loading template for "spark/partials/sidenav.ftl"("en_IN", UTF-8, parsed) from "jar:file:/C:/Users/USER/.m2/repository/com/aventstack/extentreports/4.1.4/extentreports-4.1.4.jar!/com/aventstack/extentreports/view/spark/partials/sidenav.ftl"
15/12/2021 15:57:18 DEBUG freemarker.log._Log4jLoggerFactory$Log4jLogger.debug(_Log4jLoggerFactory.java:44)  freemarker.cache Couldn't find template in cache for "spark/partials/test.ftl"("en_IN", UTF-8, parsed); will try to load it.
15/12/2021 15:57:18 DEBUG freemarker.log._Log4jLoggerFactory$Log4jLogger.debug(_Log4jLoggerFactory.java:44)  freemarker.cache TemplateLoader.findTemplateSource("spark/partials/test_en_IN.ftl"): Not found
15/12/2021 15:57:18 DEBUG freemarker.log._Log4jLoggerFactory$Log4jLogger.debug(_Log4jLoggerFactory.java:44)  freemarker.cache TemplateLoader.findTemplateSource("spark/partials/test_en.ftl"): Not found
15/12/2021 15:57:18 DEBUG freemarker.log._Log4jLoggerFactory$Log4jLogger.debug(_Log4jLoggerFactory.java:44)  freemarker.cache TemplateLoader.findTemplateSource("spark/partials/test.ftl"): Found
15/12/2021 15:57:18 DEBUG freemarker.log._Log4jLoggerFactory$Log4jLogger.debug(_Log4jLoggerFactory.java:44)  freemarker.cache Loading template for "spark/partials/test.ftl"("en_IN", UTF-8, parsed) from "jar:file:/C:/Users/USER/.m2/repository/com/aventstack/extentreports/4.1.4/extentreports-4.1.4.jar!/com/aventstack/extentreports/view/spark/partials/test.ftl"
15/12/2021 15:57:18 DEBUG freemarker.log._Log4jLoggerFactory$Log4jLogger.debug(_Log4jLoggerFactory.java:44)  freemarker.cache Couldn't find template in cache for "spark/partials/standard-content.ftl"("en_IN", UTF-8, parsed); will try to load it.
15/12/2021 15:57:18 DEBUG freemarker.log._Log4jLoggerFactory$Log4jLogger.debug(_Log4jLoggerFactory.java:44)  freemarker.cache TemplateLoader.findTemplateSource("spark/partials/standard-content_en_IN.ftl"): Not found
15/12/2021 15:57:18 DEBUG freemarker.log._Log4jLoggerFactory$Log4jLogger.debug(_Log4jLoggerFactory.java:44)  freemarker.cache TemplateLoader.findTemplateSource("spark/partials/standard-content_en.ftl"): Not found
15/12/2021 15:57:18 DEBUG freemarker.log._Log4jLoggerFactory$Log4jLogger.debug(_Log4jLoggerFactory.java:44)  freemarker.cache TemplateLoader.findTemplateSource("spark/partials/standard-content.ftl"): Found
15/12/2021 15:57:18 DEBUG freemarker.log._Log4jLoggerFactory$Log4jLogger.debug(_Log4jLoggerFactory.java:44)  freemarker.cache Loading template for "spark/partials/standard-content.ftl"("en_IN", UTF-8, parsed) from "jar:file:/C:/Users/USER/.m2/repository/com/aventstack/extentreports/4.1.4/extentreports-4.1.4.jar!/com/aventstack/extentreports/view/spark/partials/standard-content.ftl"
15/12/2021 15:57:18 DEBUG freemarker.log._Log4jLoggerFactory$Log4jLogger.debug(_Log4jLoggerFactory.java:44)  freemarker.cache "spark/partials/standard-content.ftl"("en_IN", UTF-8, parsed) cached copy not yet stale; using cached.
15/12/2021 15:57:18 DEBUG freemarker.log._Log4jLoggerFactory$Log4jLogger.debug(_Log4jLoggerFactory.java:44)  freemarker.cache Couldn't find template in cache for "spark/partials/dashboard.ftl"("en_IN", UTF-8, parsed); will try to load it.
15/12/2021 15:57:18 DEBUG freemarker.log._Log4jLoggerFactory$Log4jLogger.debug(_Log4jLoggerFactory.java:44)  freemarker.cache TemplateLoader.findTemplateSource("spark/partials/dashboard_en_IN.ftl"): Not found
15/12/2021 15:57:18 DEBUG freemarker.log._Log4jLoggerFactory$Log4jLogger.debug(_Log4jLoggerFactory.java:44)  freemarker.cache TemplateLoader.findTemplateSource("spark/partials/dashboard_en.ftl"): Not found
15/12/2021 15:57:18 DEBUG freemarker.log._Log4jLoggerFactory$Log4jLogger.debug(_Log4jLoggerFactory.java:44)  freemarker.cache TemplateLoader.findTemplateSource("spark/partials/dashboard.ftl"): Found
15/12/2021 15:57:18 DEBUG freemarker.log._Log4jLoggerFactory$Log4jLogger.debug(_Log4jLoggerFactory.java:44)  freemarker.cache Loading template for "spark/partials/dashboard.ftl"("en_IN", UTF-8, parsed) from "jar:file:/C:/Users/USER/.m2/repository/com/aventstack/extentreports/4.1.4/extentreports-4.1.4.jar!/com/aventstack/extentreports/view/spark/partials/dashboard.ftl"
15/12/2021 15:57:18 DEBUG freemarker.log._Log4jLoggerFactory$Log4jLogger.debug(_Log4jLoggerFactory.java:44)  freemarker.cache Couldn't find template in cache for "spark/partials/scripts.ftl"("en_IN", UTF-8, parsed); will try to load it.
15/12/2021 15:57:18 DEBUG freemarker.log._Log4jLoggerFactory$Log4jLogger.debug(_Log4jLoggerFactory.java:44)  freemarker.cache TemplateLoader.findTemplateSource("spark/partials/scripts_en_IN.ftl"): Not found
15/12/2021 15:57:18 DEBUG freemarker.log._Log4jLoggerFactory$Log4jLogger.debug(_Log4jLoggerFactory.java:44)  freemarker.cache TemplateLoader.findTemplateSource("spark/partials/scripts_en.ftl"): Not found
15/12/2021 15:57:18 DEBUG freemarker.log._Log4jLoggerFactory$Log4jLogger.debug(_Log4jLoggerFactory.java:44)  freemarker.cache TemplateLoader.findTemplateSource("spark/partials/scripts.ftl"): Found
15/12/2021 15:57:18 DEBUG freemarker.log._Log4jLoggerFactory$Log4jLogger.debug(_Log4jLoggerFactory.java:44)  freemarker.cache Loading template for "spark/partials/scripts.ftl"("en_IN", UTF-8, parsed) from "jar:file:/C:/Users/USER/.m2/repository/com/aventstack/extentreports/4.1.4/extentreports-4.1.4.jar!/com/aventstack/extentreports/view/spark/partials/scripts.ftl"
15/12/2021 15:57:18 DEBUG freemarker.log._Log4jLoggerFactory$Log4jLogger.debug(_Log4jLoggerFactory.java:44)  freemarker.cache Couldn't find template in cache for "commons/commons-inject-js.ftl"("en_IN", UTF-8, parsed); will try to load it.
15/12/2021 15:57:18 DEBUG freemarker.log._Log4jLoggerFactory$Log4jLogger.debug(_Log4jLoggerFactory.java:44)  freemarker.cache TemplateLoader.findTemplateSource("commons/commons-inject-js_en_IN.ftl"): Not found
15/12/2021 15:57:18 DEBUG freemarker.log._Log4jLoggerFactory$Log4jLogger.debug(_Log4jLoggerFactory.java:44)  freemarker.cache TemplateLoader.findTemplateSource("commons/commons-inject-js_en.ftl"): Not found
15/12/2021 15:57:18 DEBUG freemarker.log._Log4jLoggerFactory$Log4jLogger.debug(_Log4jLoggerFactory.java:44)  freemarker.cache TemplateLoader.findTemplateSource("commons/commons-inject-js.ftl"): Found
15/12/2021 15:57:18 DEBUG freemarker.log._Log4jLoggerFactory$Log4jLogger.debug(_Log4jLoggerFactory.java:44)  freemarker.cache Loading template for "commons/commons-inject-js.ftl"("en_IN", UTF-8, parsed) from "jar:file:/C:/Users/USER/.m2/repository/com/aventstack/extentreports/4.1.4/extentreports-4.1.4.jar!/com/aventstack/extentreports/view/commons/commons-inject-js.ftl"
